Arguments: 
  /usr/local/Cellar/node/16.6.2/bin/node /usr/local/Cellar/yarn/1.22.11/libexec/bin/yarn.js add pixijs@5.3

PATH: 
  /Users/ourednik/opt/miniconda3/bin:/Users/ourednik/opt/miniconda3/condabin:/usr/local/sbin:/usr/local/sbin:/Applications/VisualSFM_OS_X_Installer-master/vsfm/bin:/Users/ourednik/.rbenv/shims:/Users/ourednik/.rbenv/bin:/usr/local/bin:/usr/bin:/bin:/usr/sbin:/sbin:/usr/local/bin:/opt/X11/bin

Yarn version: 
  1.22.11

Node version: 
  16.6.2

Platform: 
  darwin x64

Trace: 
  Error: https://registry.yarnpkg.com/pixijs: Not found
      at Request.params.callback [as _callback] (/usr/local/Cellar/yarn/1.22.11/libexec/lib/cli.js:66992:18)
      at Request.self.callback (/usr/local/Cellar/yarn/1.22.11/libexec/lib/cli.js:140763:22)
      at Request.emit (node:events:394:28)
      at Request.<anonymous> (/usr/local/Cellar/yarn/1.22.11/libexec/lib/cli.js:141735:10)
      at Request.emit (node:events:394:28)
      at IncomingMessage.<anonymous> (/usr/local/Cellar/yarn/1.22.11/libexec/lib/cli.js:141657:12)
      at Object.onceWrapper (node:events:513:28)
      at IncomingMessage.emit (node:events:406:35)
      at endReadableNT (node:internal/streams/readable:1331:12)
      at processTicksAndRejections (node:internal/process/task_queues:83:21)

npm manifest: 
  {
    "name": "ideograph",
    "version": "0.1",
    "description": "Explorer of ideologies and plotical parties registered on WikiData",
    "main": "index.js",
    "repository": "https://ourednik.info",
    "author": "André Ourednik",
    "license": "GNU GPL 3.0",
    "files": [
      "index.js",
      "index.html"
    ],
    "dependencies": {
      "d3.js": "5",
      "pixi": "^0.3.1",
      "pixi.js": "4.8"
    }
  }

yarn manifest: 
  No manifest

Lockfile: 
  # THIS IS AN AUTOGENERATED FILE. DO NOT EDIT THIS FILE DIRECTLY.
  # yarn lockfile v1
  
  
  bit-twiddle@^1.0.2:
    version "1.0.2"
    resolved "https://registry.yarnpkg.com/bit-twiddle/-/bit-twiddle-1.0.2.tgz#0c6c1fabe2b23d17173d9a61b7b7093eb9e1769e"
    integrity sha1-DGwfq+KyPRcXPZpht7cJPrnhdp4=
  
  d3.js@5:
    version "1.0.2"
    resolved "https://registry.yarnpkg.com/d3.js/-/d3.js-1.0.2.tgz#2fa3ec70750243e8f946bed356c8a487bd3b9df3"
    integrity sha512-k88E4MfCyHiioewoVnEaLkIMiS1bQsPUOnHouq0nICoDffV+TFFuqTtEAO9vXe5fI7+C5wUzpgFvmag1w4dkfg==
  
  earcut@^2.1.4:
    version "2.2.3"
    resolved "https://registry.yarnpkg.com/earcut/-/earcut-2.2.3.tgz#d44ced2ff5a18859568e327dd9c7d46b16f55cf4"
    integrity sha512-iRDI1QeCQIhMCZk48DRDMVgQSSBDmbzzNhnxIo+pwx3swkfjMh6vh0nWLq1NdvGHLKH6wIrAM3vQWeTj6qeoug==
  
  eventemitter3@^2.0.0:
    version "2.0.3"
    resolved "https://registry.yarnpkg.com/eventemitter3/-/eventemitter3-2.0.3.tgz#b5e1079b59fb5e1ba2771c0a993be060a58c99ba"
    integrity sha1-teEHm1n7XhuidxwKmTvgYKWMmbo=
  
  ismobilejs@^0.5.1:
    version "0.5.2"
    resolved "https://registry.yarnpkg.com/ismobilejs/-/ismobilejs-0.5.2.tgz#e81bacf6187c532ad8348355f4fecd6e6adfdce1"
    integrity sha512-ta9UdV60xVZk/ZafFtSFslQaE76SvNkcs1r73d2PVR21zVzx9xuYv9tNe4MxA1NN7WoeCc2RjGot3Bz1eHDx3Q==
  
  mini-signals@^1.1.1:
    version "1.2.0"
    resolved "https://registry.yarnpkg.com/mini-signals/-/mini-signals-1.2.0.tgz#45b08013c5fae51a24aa1a935cd317c9ed721d74"
    integrity sha1-RbCAE8X65RokqhqTXNMXye1yHXQ=
  
  object-assign@^4.0.1:
    version "4.1.1"
    resolved "https://registry.yarnpkg.com/object-assign/-/object-assign-4.1.1.tgz#2109adc7965887cfc05cbbd442cac8bfbb360863"
    integrity sha1-IQmtx5ZYh8/AXLvUQsrIv7s2CGM=
  
  parse-uri@^1.0.0:
    version "1.0.3"
    resolved "https://registry.yarnpkg.com/parse-uri/-/parse-uri-1.0.3.tgz#f3c24a74907a4e357c1741e96ca9faadecfd6db5"
    integrity sha512-upMnGxNcm+45So85HoguwZTVZI9u11i36DdxJfGF2HYWS2eh3TIx7+/tTi7qrEq15qzGkVhsKjesau+kCk48pA==
  
  pixi-gl-core@^1.1.4:
    version "1.1.4"
    resolved "https://registry.yarnpkg.com/pixi-gl-core/-/pixi-gl-core-1.1.4.tgz#8b4b5c433b31e419bc379dc565ce1b835a91b372"
    integrity sha1-i0tcQzsx5Bm8N53FZc4bg1qRs3I=
  
  pixi.js@4.8:
    version "4.8.9"
    resolved "https://registry.yarnpkg.com/pixi.js/-/pixi.js-4.8.9.tgz#36dc0de8907d9e64336436e237c6f7f7c0a362e1"
    integrity sha512-YcepG5/bXLAVTSTXaMIU9NeSzwyPq/oMu2oQi6L6iE5giwng02ixVCKgc6/eMv3zl2Ho+teSOLC8R5Wp3jBvLA==
    dependencies:
      bit-twiddle "^1.0.2"
      earcut "^2.1.4"
      eventemitter3 "^2.0.0"
      ismobilejs "^0.5.1"
      object-assign "^4.0.1"
      pixi-gl-core "^1.1.4"
      remove-array-items "^1.0.0"
      resource-loader "^2.2.3"
  
  pixi@^0.3.1:
    version "0.3.1"
    resolved "https://registry.yarnpkg.com/pixi/-/pixi-0.3.1.tgz#858cd6164a32a1e4b41192cdf5c6d98209300ba8"
    integrity sha1-hYzWFkoyoeS0EZLN9cbZggkwC6g=
  
  remove-array-items@^1.0.0:
    version "1.1.1"
    resolved "https://registry.yarnpkg.com/remove-array-items/-/remove-array-items-1.1.1.tgz#fd745ff73d0822e561ea910bf1b401fc7843e693"
    integrity sha512-MXW/jtHyl5F1PZI7NbpS8SOtympdLuF20aoWJT5lELR1p/HJDd5nqW8Eu9uLh/hCRY3FgvrIT5AwDCgBODklcA==
  
  resource-loader@^2.2.3:
    version "2.2.4"
    resolved "https://registry.yarnpkg.com/resource-loader/-/resource-loader-2.2.4.tgz#9bf43dba59475d56be29c796399211ce0e96fd2d"
    integrity sha512-MrY0bEJN26us3h4bzJUSP0n4tFEb79lCpYBavtLjSezWCcXZMgxhSgvC9LxueuqpcxG+qPjhwFu5SQAcUNacdA==
    dependencies:
      mini-signals "^1.1.1"
      parse-uri "^1.0.0"
